<?xml version="1.0" encoding="UTF-8"?>
<!-- Generated by org.testng.reporters.JUnitXMLReporter -->
<testsuite hostname="DESKTOP-B7K6OT8" failures="2" tests="2" name="Test" time="0.085" errors="0" timestamp="4 May 2019 14:47:08 GMT">
  <testcase classname="sele1.webDriverTest.NewTest1" name="f" time="0.038">
    <failure type="java.lang.AssertionError" message="null">
      <![CDATA[java.lang.AssertionError: null
	at sele1.webDriverTest.NewTest1.f(NewTest1.java:11)
... Removed 27 stack frames]]>
    </failure>
  </testcase> <!-- f -->
  <testcase classname="sele1.webDriverTest.NewTest" name="f" time="0.004">
    <failure type="java.lang.AssertionError" message="null">
      <![CDATA[java.lang.AssertionError: null
	at sele1.webDriverTest.NewTest.f(NewTest.java:11)
... Removed 27 stack frames]]>
    </failure>
  </testcase> <!-- f -->
</testsuite> <!-- Test -->
